[ 2014-07-21T10:25:41+08:00 ] 127.0.0.1 /api.php
INFO: [ app_init ] --START--
INFO: Run Behavior\BuildLiteBehavior [ RunTime:0.000029s ]
INFO: [ app_init ] --END-- [ RunTime:0.000687s ]
INFO: [ app_begin ] --START--
INFO: Run Behavior\ReadHtmlCacheBehavior [ RunTime:0.000855s ]
INFO: [ app_begin ] --END-- [ RunTime:0.000965s ]
INFO: [ view_parse ] --START--
INFO: [ template_filter ] --START--
INFO: Run Behavior\ContentReplaceBehavior [ RunTime:0.000062s ]
INFO: [ template_filter ] --END-- [ RunTime:0.000205s ]
INFO: Run Behavior\ParseTemplateBehavior [ RunTime:0.026202s ]
INFO: [ view_parse ] --END-- [ RunTime:0.026321s ]
INFO: [ view_filter ] --START--
INFO: Run Behavior\WriteHtmlCacheBehavior [ RunTime:0.000253s ]
INFO: [ view_filter ] --END-- [ RunTime:0.000329s ]
INFO: [ app_end ] --START--
INFO: Run Behavior\ShowPageTraceBehavior [ RunTime:0.000797s ]
INFO: [ app_end ] --END-- [ RunTime:0.000886s ]

[ 2014-07-21T14:08:40+08:00 ] 127.0.0.1 /
INFO: [ app_init ] --START--
INFO: Run Behavior\BuildLiteBehavior [ RunTime:0.000019s ]
INFO: [ app_init ] --END-- [ RunTime:0.000471s ]
INFO: [ app_begin ] --START--
INFO: Run Behavior\ReadHtmlCacheBehavior [ RunTime:0.000998s ]
INFO: [ app_begin ] --END-- [ RunTime:0.001082s ]
ERR: 无法加载控制器:Index

[ 2014-07-21T14:22:03+08:00 ] 127.0.0.1 /client/cmd/user
INFO: [ app_init ] --START--
INFO: Run Behavior\BuildLiteBehavior [ RunTime:0.000019s ]
INFO: [ app_init ] --END-- [ RunTime:0.000409s ]
INFO: [ app_begin ] --START--
INFO: Run Behavior\ReadHtmlCacheBehavior [ RunTime:0.001935s ]
INFO: [ app_begin ] --END-- [ RunTime:0.002024s ]

[ 2014-07-21T14:23:55+08:00 ] 127.0.0.1 /client/cmd/user
INFO: [ app_init ] --START--
INFO: Run Behavior\BuildLiteBehavior [ RunTime:0.000018s ]
INFO: [ app_init ] --END-- [ RunTime:0.000325s ]
INFO: [ app_begin ] --START--
INFO: Run Behavior\ReadHtmlCacheBehavior [ RunTime:0.000953s ]
INFO: [ app_begin ] --END-- [ RunTime:0.001031s ]

[ 2014-07-21T14:24:44+08:00 ] 127.0.0.1 /client/cmd/user
INFO: [ app_init ] --START--
INFO: Run Behavior\BuildLiteBehavior [ RunTime:0.000015s ]
INFO: [ app_init ] --END-- [ RunTime:0.000285s ]
INFO: [ app_begin ] --START--
INFO: Run Behavior\ReadHtmlCacheBehavior [ RunTime:0.000592s ]
INFO: [ app_begin ] --END-- [ RunTime:0.000659s ]

[ 2014-07-21T14:25:00+08:00 ] 127.0.0.1 /client/cmd/user
INFO: [ app_init ] --START--
INFO: Run Behavior\BuildLiteBehavior [ RunTime:0.000015s ]
INFO: [ app_init ] --END-- [ RunTime:0.000283s ]
INFO: [ app_begin ] --START--
INFO: Run Behavior\ReadHtmlCacheBehavior [ RunTime:0.000423s ]
INFO: [ app_begin ] --END-- [ RunTime:0.000474s ]
NOTIC: [8] Use of undefined constant Yar_Concurrent_Client - assumed 'Yar_Concurrent_Client' /home/niansong/www/test/PHP/NsApi/ThinkPHP/Common/functions.php 第 613 行.
ERR: 非法操作:cmd

[ 2014-07-21T14:25:13+08:00 ] 127.0.0.1 /client
INFO: [ app_init ] --START--
INFO: Run Behavior\BuildLiteBehavior [ RunTime:0.000014s ]
INFO: [ app_init ] --END-- [ RunTime:0.000292s ]
INFO: [ app_begin ] --START--
INFO: Run Behavior\ReadHtmlCacheBehavior [ RunTime:0.000413s ]
INFO: [ app_begin ] --END-- [ RunTime:0.000466s ]
NOTIC: [8] Use of undefined constant Yar_Concurrent_Client - assumed 'Yar_Concurrent_Client' /home/niansong/www/test/PHP/NsApi/ThinkPHP/Common/functions.php 第 613 行.
ERR: 非法操作:index

[ 2014-07-21T14:26:06+08:00 ] 127.0.0.1 /client
INFO: [ app_init ] --START--
INFO: Run Behavior\BuildLiteBehavior [ RunTime:0.000023s ]
INFO: [ app_init ] --END-- [ RunTime:0.000551s ]
INFO: [ app_begin ] --START--
INFO: Run Behavior\ReadHtmlCacheBehavior [ RunTime:0.000703s ]
INFO: [ app_begin ] --END-- [ RunTime:0.000784s ]
NOTIC: [8] Use of undefined constant Yar_Concurrent_Client - assumed 'Yar_Concurrent_Client' /home/niansong/www/test/PHP/NsApi/ThinkPHP/Common/functions.php 第 613 行.
ERR: 非法操作:index

[ 2014-07-21T14:26:07+08:00 ] 127.0.0.1 /client
INFO: [ app_init ] --START--
INFO: Run Behavior\BuildLiteBehavior [ RunTime:0.000022s ]
INFO: [ app_init ] --END-- [ RunTime:0.000506s ]
INFO: [ app_begin ] --START--
INFO: Run Behavior\ReadHtmlCacheBehavior [ RunTime:0.000693s ]
INFO: [ app_begin ] --END-- [ RunTime:0.000775s ]
NOTIC: [8] Use of undefined constant Yar_Concurrent_Client - assumed 'Yar_Concurrent_Client' /home/niansong/www/test/PHP/NsApi/ThinkPHP/Common/functions.php 第 613 行.
ERR: 非法操作:index

[ 2014-07-21T14:26:08+08:00 ] 127.0.0.1 /client
INFO: [ app_init ] --START--
INFO: Run Behavior\BuildLiteBehavior [ RunTime:0.000022s ]
INFO: [ app_init ] --END-- [ RunTime:0.000511s ]
INFO: [ app_begin ] --START--
INFO: Run Behavior\ReadHtmlCacheBehavior [ RunTime:0.000704s ]
INFO: [ app_begin ] --END-- [ RunTime:0.000785s ]
NOTIC: [8] Use of undefined constant Yar_Concurrent_Client - assumed 'Yar_Concurrent_Client' /home/niansong/www/test/PHP/NsApi/ThinkPHP/Common/functions.php 第 613 行.
ERR: 非法操作:index

[ 2014-07-21T14:26:35+08:00 ] 127.0.0.1 /client
INFO: [ app_init ] --START--
INFO: Run Behavior\BuildLiteBehavior [ RunTime:0.000024s ]
INFO: [ app_init ] --END-- [ RunTime:0.000569s ]
INFO: [ app_begin ] --START--
INFO: Run Behavior\ReadHtmlCacheBehavior [ RunTime:0.000761s ]
INFO: [ app_begin ] --END-- [ RunTime:0.000864s ]
NOTIC: [8] Use of undefined constant Yar_Concurrent_Client - assumed 'Yar_Concurrent_Client' /home/niansong/www/test/PHP/NsApi/ThinkPHP/Common/functions.php 第 613 行.
ERR: 非法操作:index

[ 2014-07-21T14:26:38+08:00 ] 127.0.0.1 /
INFO: [ app_init ] --START--
INFO: Run Behavior\BuildLiteBehavior [ RunTime:0.000022s ]
INFO: [ app_init ] --END-- [ RunTime:0.000495s ]
INFO: [ app_begin ] --START--
INFO: Run Behavior\ReadHtmlCacheBehavior [ RunTime:0.000703s ]
INFO: [ app_begin ] --END-- [ RunTime:0.000784s ]
ERR: 无法加载控制器:Index

[ 2014-07-21T14:27:02+08:00 ] 127.0.0.1 /
INFO: [ app_init ] --START--
INFO: Run Behavior\BuildLiteBehavior [ RunTime:0.000023s ]
INFO: [ app_init ] --END-- [ RunTime:0.000513s ]
INFO: [ app_begin ] --START--
INFO: Run Behavior\ReadHtmlCacheBehavior [ RunTime:0.000764s ]
INFO: [ app_begin ] --END-- [ RunTime:0.000987s ]
ERR: 无法加载控制器:Index

[ 2014-07-21T14:27:39+08:00 ] 127.0.0.1 /
INFO: [ app_init ] --START--
INFO: Run Behavior\BuildLiteBehavior [ RunTime:0.000017s ]
INFO: [ app_init ] --END-- [ RunTime:0.000308s ]
INFO: [ app_begin ] --START--
INFO: Run Behavior\ReadHtmlCacheBehavior [ RunTime:0.000430s ]
INFO: [ app_begin ] --END-- [ RunTime:0.000486s ]
ERR: 无法加载控制器:Index

[ 2014-07-21T14:27:40+08:00 ] 127.0.0.1 /
INFO: [ app_init ] --START--
INFO: Run Behavior\BuildLiteBehavior [ RunTime:0.000017s ]
INFO: [ app_init ] --END-- [ RunTime:0.000310s ]
INFO: [ app_begin ] --START--
INFO: Run Behavior\ReadHtmlCacheBehavior [ RunTime:0.000367s ]
INFO: [ app_begin ] --END-- [ RunTime:0.000413s ]
ERR: 无法加载控制器:Index

[ 2014-07-21T14:27:40+08:00 ] 127.0.0.1 /
INFO: [ app_init ] --START--
INFO: Run Behavior\BuildLiteBehavior [ RunTime:0.000016s ]
INFO: [ app_init ] --END-- [ RunTime:0.000299s ]
INFO: [ app_begin ] --START--
INFO: Run Behavior\ReadHtmlCacheBehavior [ RunTime:0.000385s ]
INFO: [ app_begin ] --END-- [ RunTime:0.000430s ]
ERR: 无法加载控制器:Index

[ 2014-07-21T14:28:30+08:00 ] 127.0.0.1 /
INFO: [ app_init ] --START--
INFO: Run Behavior\BuildLiteBehavior [ RunTime:0.000014s ]
INFO: [ app_init ] --END-- [ RunTime:0.000268s ]
INFO: [ app_begin ] --START--
INFO: Run Behavior\ReadHtmlCacheBehavior [ RunTime:0.000332s ]
INFO: [ app_begin ] --END-- [ RunTime:0.000371s ]
NOTIC: [8] Use of undefined constant Yar_Concurrent_Client - assumed 'Yar_Concurrent_Client' /home/niansong/www/test/PHP/NsApi/ThinkPHP/Common/functions.php 第 613 行.
ERR: 非法操作:index

[ 2014-07-21T14:29:09+08:00 ] 127.0.0.1 /
INFO: [ app_init ] --START--
INFO: Run Behavior\BuildLiteBehavior [ RunTime:0.000024s ]
INFO: [ app_init ] --END-- [ RunTime:0.000578s ]
INFO: [ app_begin ] --START--
INFO: Run Behavior\ReadHtmlCacheBehavior [ RunTime:0.000990s ]
INFO: [ app_begin ] --END-- [ RunTime:0.001082s ]
NOTIC: [8] Use of undefined constant Yar_Concurrent_Client - assumed 'Yar_Concurrent_Client' /home/niansong/www/test/PHP/NsApi/ThinkPHP/Common/functions.php 第 613 行.
INFO: [ app_end ] --START--
INFO: Run Behavior\ShowPageTraceBehavior [ RunTime:0.026628s ]
INFO: [ app_end ] --END-- [ RunTime:0.026751s ]

[ 2014-07-21T14:29:26+08:00 ] 127.0.0.1 /cmd/user
INFO: [ app_init ] --START--
INFO: Run Behavior\BuildLiteBehavior [ RunTime:0.000015s ]
INFO: [ app_init ] --END-- [ RunTime:0.000278s ]
INFO: [ app_begin ] --START--
INFO: Run Behavior\ReadHtmlCacheBehavior [ RunTime:0.000362s ]
INFO: [ app_begin ] --END-- [ RunTime:0.000418s ]
ERR: 无法加载控制器:Cmd

[ 2014-07-21T14:29:36+08:00 ] 127.0.0.1 /
INFO: [ app_init ] --START--
INFO: Run Behavior\BuildLiteBehavior [ RunTime:0.000013s ]
INFO: [ app_init ] --END-- [ RunTime:0.000260s ]
INFO: [ app_begin ] --START--
INFO: Run Behavior\ReadHtmlCacheBehavior [ RunTime:0.000332s ]
INFO: [ app_begin ] --END-- [ RunTime:0.000372s ]
NOTIC: [8] Use of undefined constant Yar_Concurrent_Client - assumed 'Yar_Concurrent_Client' /home/niansong/www/test/PHP/NsApi/ThinkPHP/Common/functions.php 第 613 行.
INFO: [ app_end ] --START--
INFO: Run Behavior\ShowPageTraceBehavior [ RunTime:0.010200s ]
INFO: [ app_end ] --END-- [ RunTime:0.010274s ]

[ 2014-07-21T14:29:40+08:00 ] 127.0.0.1 /?cmd=user
INFO: [ app_init ] --START--
INFO: Run Behavior\BuildLiteBehavior [ RunTime:0.000021s ]
INFO: [ app_init ] --END-- [ RunTime:0.000387s ]
INFO: [ app_begin ] --START--
INFO: Run Behavior\ReadHtmlCacheBehavior [ RunTime:0.000589s ]
INFO: [ app_begin ] --END-- [ RunTime:0.000652s ]
NOTIC: [8] Use of undefined constant Yar_Concurrent_Client - assumed 'Yar_Concurrent_Client' /home/niansong/www/test/PHP/NsApi/ThinkPHP/Common/functions.php 第 613 行.
INFO: [ app_end ] --START--
INFO: Run Behavior\ShowPageTraceBehavior [ RunTime:0.000493s ]
INFO: [ app_end ] --END-- [ RunTime:0.000555s ]

[ 2014-07-21T14:29:48+08:00 ] 127.0.0.1 /cmd=user
INFO: [ app_init ] --START--
INFO: Run Behavior\BuildLiteBehavior [ RunTime:0.000024s ]
INFO: [ app_init ] --END-- [ RunTime:0.000408s ]
INFO: [ app_begin ] --START--
INFO: Run Behavior\ReadHtmlCacheBehavior [ RunTime:0.000546s ]
INFO: [ app_begin ] --END-- [ RunTime:0.000629s ]
ERR: 无法加载控制器:Cmd=user

[ 2014-07-21T14:30:03+08:00 ] 127.0.0.1 /api.php?cmd=user
INFO: [ app_init ] --START--
INFO: Run Behavior\BuildLiteBehavior [ RunTime:0.000034s ]
INFO: [ app_init ] --END-- [ RunTime:0.000520s ]
INFO: [ app_begin ] --START--
INFO: Run Behavior\ReadHtmlCacheBehavior [ RunTime:0.000600s ]
INFO: [ app_begin ] --END-- [ RunTime:0.000681s ]
NOTIC: [8] Use of undefined constant Yar_Concurrent_Client - assumed 'Yar_Concurrent_Client' /home/niansong/www/test/PHP/NsApi/ThinkPHP/Common/functions.php 第 613 行.
INFO: [ app_end ] --START--
INFO: Run Behavior\ShowPageTraceBehavior [ RunTime:0.000592s ]
INFO: [ app_end ] --END-- [ RunTime:0.000689s ]

[ 2014-07-21T14:30:31+08:00 ] 127.0.0.1 /api.php?cmd=user
INFO: [ app_init ] --START--
INFO: Run Behavior\BuildLiteBehavior [ RunTime:0.000013s ]
INFO: [ app_init ] --END-- [ RunTime:0.000252s ]
INFO: [ app_begin ] --START--
INFO: Run Behavior\ReadHtmlCacheBehavior [ RunTime:0.000336s ]
INFO: [ app_begin ] --END-- [ RunTime:0.000377s ]
NOTIC: [8] Use of undefined constant Yar_Concurrent_Client - assumed 'Yar_Concurrent_Client' /home/niansong/www/test/PHP/NsApi/ThinkPHP/Common/functions.php 第 613 行.
INFO: [ app_end ] --START--
INFO: Run Behavior\ShowPageTraceBehavior [ RunTime:0.000337s ]
INFO: [ app_end ] --END-- [ RunTime:0.000380s ]

[ 2014-07-21T14:30:31+08:00 ] 127.0.0.1 /api.php?cmd=user
INFO: [ app_init ] --START--
INFO: Run Behavior\BuildLiteBehavior [ RunTime:0.000015s ]
INFO: [ app_init ] --END-- [ RunTime:0.000278s ]
INFO: [ app_begin ] --START--
INFO: Run Behavior\ReadHtmlCacheBehavior [ RunTime:0.000373s ]
INFO: [ app_begin ] --END-- [ RunTime:0.000425s ]
NOTIC: [8] Use of undefined constant Yar_Concurrent_Client - assumed 'Yar_Concurrent_Client' /home/niansong/www/test/PHP/NsApi/ThinkPHP/Common/functions.php 第 613 行.
INFO: [ app_end ] --START--
INFO: Run Behavior\ShowPageTraceBehavior [ RunTime:0.000380s ]
INFO: [ app_end ] --END-- [ RunTime:0.000439s ]

[ 2014-07-21T14:30:32+08:00 ] 127.0.0.1 /api.php?cmd=user
INFO: [ app_init ] --START--
INFO: Run Behavior\BuildLiteBehavior [ RunTime:0.000017s ]
INFO: [ app_init ] --END-- [ RunTime:0.000337s ]
INFO: [ app_begin ] --START--
INFO: Run Behavior\ReadHtmlCacheBehavior [ RunTime:0.000462s ]
INFO: [ app_begin ] --END-- [ RunTime:0.000523s ]
NOTIC: [8] Use of undefined constant Yar_Concurrent_Client - assumed 'Yar_Concurrent_Client' /home/niansong/www/test/PHP/NsApi/ThinkPHP/Common/functions.php 第 613 行.
INFO: [ app_end ] --START--
INFO: Run Behavior\ShowPageTraceBehavior [ RunTime:0.000512s ]
INFO: [ app_end ] --END-- [ RunTime:0.000575s ]

[ 2014-07-21T14:31:14+08:00 ] 127.0.0.1 /api.php?cmd=user
INFO: [ app_init ] --START--
INFO: Run Behavior\BuildLiteBehavior [ RunTime:0.000022s ]
INFO: [ app_init ] --END-- [ RunTime:0.000505s ]
INFO: [ app_begin ] --START--
INFO: Run Behavior\ReadHtmlCacheBehavior [ RunTime:0.000686s ]
INFO: [ app_begin ] --END-- [ RunTime:0.000766s ]
NOTIC: [8] Use of undefined constant Yar_Concurrent_Client - assumed 'Yar_Concurrent_Client' /home/niansong/www/test/PHP/NsApi/ThinkPHP/Common/functions.php 第 613 行.
INFO: [ app_end ] --START--
INFO: Run Behavior\ShowPageTraceBehavior [ RunTime:0.000713s ]
INFO: [ app_end ] --END-- [ RunTime:0.000796s ]

[ 2014-07-21T14:31:15+08:00 ] 127.0.0.1 /api.php?cmd=user
INFO: [ app_init ] --START--
INFO: Run Behavior\BuildLiteBehavior [ RunTime:0.000024s ]
INFO: [ app_init ] --END-- [ RunTime:0.000511s ]
INFO: [ app_begin ] --START--
INFO: Run Behavior\ReadHtmlCacheBehavior [ RunTime:0.000711s ]
INFO: [ app_begin ] --END-- [ RunTime:0.000841s ]
NOTIC: [8] Use of undefined constant Yar_Concurrent_Client - assumed 'Yar_Concurrent_Client' /home/niansong/www/test/PHP/NsApi/ThinkPHP/Common/functions.php 第 613 行.
INFO: [ app_end ] --START--
INFO: Run Behavior\ShowPageTraceBehavior [ RunTime:0.000770s ]
INFO: [ app_end ] --END-- [ RunTime:0.000871s ]

[ 2014-07-21T14:31:40+08:00 ] 127.0.0.1 /api.php?cmd=user
INFO: [ app_init ] --START--
INFO: Run Behavior\BuildLiteBehavior [ RunTime:0.000025s ]
INFO: [ app_init ] --END-- [ RunTime:0.000521s ]
INFO: [ app_begin ] --START--
INFO: Run Behavior\ReadHtmlCacheBehavior [ RunTime:0.000749s ]
INFO: [ app_begin ] --END-- [ RunTime:0.000840s ]
NOTIC: [8] Use of undefined constant Yar_Concurrent_Client - assumed 'Yar_Concurrent_Client' /home/niansong/www/test/PHP/NsApi/ThinkPHP/Common/functions.php 第 613 行.
INFO: [ app_end ] --START--
INFO: Run Behavior\ShowPageTraceBehavior [ RunTime:0.000739s ]
INFO: [ app_end ] --END-- [ RunTime:0.000837s ]

[ 2014-07-21T14:32:45+08:00 ] 127.0.0.1 /cmd=user
INFO: [ app_init ] --START--
INFO: Run Behavior\BuildLiteBehavior [ RunTime:0.000025s ]
INFO: [ app_init ] --END-- [ RunTime:0.000399s ]
INFO: [ app_begin ] --START--
INFO: Run Behavior\ReadHtmlCacheBehavior [ RunTime:0.000494s ]
INFO: [ app_begin ] --END-- [ RunTime:0.000563s ]
ERR: 无法加载控制器:Cmd=user

[ 2014-07-21T14:32:50+08:00 ] 127.0.0.1 /?cmd=user
INFO: [ app_init ] --START--
INFO: Run Behavior\BuildLiteBehavior [ RunTime:0.000026s ]
INFO: [ app_init ] --END-- [ RunTime:0.000574s ]
INFO: [ app_begin ] --START--
INFO: Run Behavior\ReadHtmlCacheBehavior [ RunTime:0.000781s ]
INFO: [ app_begin ] --END-- [ RunTime:0.000902s ]
NOTIC: [8] Use of undefined constant Yar_Concurrent_Client - assumed 'Yar_Concurrent_Client' /home/niansong/www/test/PHP/NsApi/ThinkPHP/Common/functions.php 第 613 行.
INFO: [ app_end ] --START--
INFO: Run Behavior\ShowPageTraceBehavior [ RunTime:0.001050s ]
INFO: [ app_end ] --END-- [ RunTime:0.001536s ]

[ 2014-07-21T14:33:02+08:00 ] 127.0.0.1 /?cmd=user
INFO: [ app_init ] --START--
INFO: Run Behavior\BuildLiteBehavior [ RunTime:0.000018s ]
INFO: [ app_init ] --END-- [ RunTime:0.000404s ]
INFO: [ app_begin ] --START--
INFO: Run Behavior\ReadHtmlCacheBehavior [ RunTime:0.000530s ]
INFO: [ app_begin ] --END-- [ RunTime:0.000593s ]
NOTIC: [8] Use of undefined constant Yar_Concurrent_Client - assumed 'Yar_Concurrent_Client' /home/niansong/www/test/PHP/NsApi/ThinkPHP/Common/functions.php 第 613 行.

[ 2014-07-21T14:33:10+08:00 ] 127.0.0.1 /api.php?cmd=user
INFO: [ app_init ] --START--
INFO: Run Behavior\BuildLiteBehavior [ RunTime:0.000014s ]
INFO: [ app_init ] --END-- [ RunTime:0.000260s ]
INFO: [ app_begin ] --START--
INFO: Run Behavior\ReadHtmlCacheBehavior [ RunTime:0.000331s ]
INFO: [ app_begin ] --END-- [ RunTime:0.000370s ]
NOTIC: [8] Use of undefined constant Yar_Concurrent_Client - assumed 'Yar_Concurrent_Client' /home/niansong/www/test/PHP/NsApi/ThinkPHP/Common/functions.php 第 613 行.

[ 2014-07-21T14:34:19+08:00 ] 127.0.0.1 /api.php/cmd/user/opt/login/1.json
INFO: [ app_init ] --START--
INFO: Run Behavior\BuildLiteBehavior [ RunTime:0.000015s ]
INFO: [ app_init ] --END-- [ RunTime:0.000305s ]
INFO: [ app_begin ] --START--
INFO: Run Behavior\ReadHtmlCacheBehavior [ RunTime:0.002927s ]
INFO: [ app_begin ] --END-- [ RunTime:0.003003s ]
ERR: 无法加载控制器:Cmd

[ 2014-07-21T14:35:31+08:00 ] 127.0.0.1 /Client/client/
INFO: [ app_init ] --START--
INFO: Run Behavior\BuildLiteBehavior [ RunTime:0.000020s ]
INFO: [ app_init ] --END-- [ RunTime:0.000415s ]
INFO: [ app_begin ] --START--
INFO: Run Behavior\ReadHtmlCacheBehavior [ RunTime:0.008336s ]
INFO: [ app_begin ] --END-- [ RunTime:0.008445s ]
NOTIC: [8] Use of undefined constant Yar_Concurrent_Client - assumed 'Yar_Concurrent_Client' /home/niansong/www/test/PHP/NsApi/ThinkPHP/Common/functions.php 第 613 行.

[ 2014-07-21T14:36:06+08:00 ] 127.0.0.1 /Client/client/id/1.json
INFO: [ app_init ] --START--
INFO: Run Behavior\BuildLiteBehavior [ RunTime:0.000017s ]
INFO: [ app_init ] --END-- [ RunTime:0.000324s ]
INFO: [ app_begin ] --START--
INFO: Run Behavior\ReadHtmlCacheBehavior [ RunTime:0.002834s ]
INFO: [ app_begin ] --END-- [ RunTime:0.002902s ]
NOTIC: [8] Use of undefined constant Yar_Concurrent_Client - assumed 'Yar_Concurrent_Client' /home/niansong/www/test/PHP/NsApi/ThinkPHP/Common/functions.php 第 613 行.

[ 2014-07-21T15:00:46+08:00 ] 127.0.0.1 /Client/client/id/1.json
INFO: [ app_init ] --START--
INFO: Run Behavior\BuildLiteBehavior [ RunTime:0.000022s ]
INFO: [ app_init ] --END-- [ RunTime:0.000502s ]
INFO: [ app_begin ] --START--
INFO: Run Behavior\ReadHtmlCacheBehavior [ RunTime:0.001122s ]
INFO: [ app_begin ] --END-- [ RunTime:0.001212s ]
NOTIC: [8] Use of undefined constant Yar_Concurrent_Client - assumed 'Yar_Concurrent_Client' /home/niansong/www/test/PHP/NsApi/ThinkPHP/Common/functions.php 第 613 行.
INFO: [ app_end ] --START--
INFO: Run Behavior\ShowPageTraceBehavior [ RunTime:0.000701s ]
INFO: [ app_end ] --END-- [ RunTime:0.000758s ]

[ 2014-07-21T15:01:07+08:00 ] 127.0.0.1 /Client/client/id/1.json
INFO: [ app_init ] --START--
INFO: Run Behavior\BuildLiteBehavior [ RunTime:0.000017s ]
INFO: [ app_init ] --END-- [ RunTime:0.000646s ]
INFO: [ app_begin ] --START--
INFO: Run Behavior\ReadHtmlCacheBehavior [ RunTime:0.001062s ]
INFO: [ app_begin ] --END-- [ RunTime:0.001142s ]
NOTIC: [8] Use of undefined constant Yar_Concurrent_Client - assumed 'Yar_Concurrent_Client' /home/niansong/www/test/PHP/NsApi/ThinkPHP/Common/functions.php 第 613 行.
INFO: [ app_end ] --START--
INFO: Run Behavior\ShowPageTraceBehavior [ RunTime:0.000619s ]
INFO: [ app_end ] --END-- [ RunTime:0.000676s ]

[ 2014-07-21T15:01:39+08:00 ] 127.0.0.1 /Client/client/id/1.json
INFO: [ app_init ] --START--
INFO: Run Behavior\BuildLiteBehavior [ RunTime:0.000017s ]
INFO: [ app_init ] --END-- [ RunTime:0.000326s ]
INFO: [ app_begin ] --START--
INFO: Run Behavior\ReadHtmlCacheBehavior [ RunTime:0.000899s ]
INFO: [ app_begin ] --END-- [ RunTime:0.000952s ]
NOTIC: [8] Use of undefined constant Yar_Concurrent_Client - assumed 'Yar_Concurrent_Client' /home/niansong/www/test/PHP/NsApi/ThinkPHP/Common/functions.php 第 613 行.

[ 2014-07-21T15:48:29+08:00 ] 127.0.0.1 /
INFO: [ app_init ] --START--
INFO: Run Behavior\BuildLiteBehavior [ RunTime:0.000019s ]
INFO: [ app_init ] --END-- [ RunTime:0.000470s ]
INFO: [ app_begin ] --START--
INFO: Run Behavior\ReadHtmlCacheBehavior [ RunTime:0.000991s ]
INFO: [ app_begin ] --END-- [ RunTime:0.001083s ]
NOTIC: [8] Use of undefined constant Yar_Concurrent_Client - assumed 'Yar_Concurrent_Client' /home/niansong/www/test/PHP/NsApi/ThinkPHP/Common/functions.php 第 613 行.

[ 2014-07-21T15:48:50+08:00 ] 127.0.0.1 /id/1.html
INFO: [ app_init ] --START--
INFO: Run Behavior\BuildLiteBehavior [ RunTime:0.000025s ]
INFO: [ app_init ] --END-- [ RunTime:0.000470s ]
INFO: [ app_begin ] --START--
INFO: Run Behavior\ReadHtmlCacheBehavior [ RunTime:0.000547s ]
INFO: [ app_begin ] --END-- [ RunTime:0.000613s ]
ERR: 无法加载控制器:Id

[ 2014-07-21T15:49:00+08:00 ] 127.0.0.1 /Client/client/id/1.html
INFO: [ app_init ] --START--
INFO: Run Behavior\BuildLiteBehavior [ RunTime:0.000024s ]
INFO: [ app_init ] --END-- [ RunTime:0.000769s ]
INFO: [ app_begin ] --START--
INFO: Run Behavior\ReadHtmlCacheBehavior [ RunTime:0.000851s ]
INFO: [ app_begin ] --END-- [ RunTime:0.000974s ]
NOTIC: [8] Use of undefined constant Yar_Concurrent_Client - assumed 'Yar_Concurrent_Client' /home/niansong/www/test/PHP/NsApi/ThinkPHP/Common/functions.php 第 613 行.

[ 2014-07-21T15:49:04+08:00 ] 127.0.0.1 /Client/client/id/1.json
INFO: [ app_init ] --START--
INFO: Run Behavior\BuildLiteBehavior [ RunTime:0.000028s ]
INFO: [ app_init ] --END-- [ RunTime:0.000680s ]
INFO: [ app_begin ] --START--
INFO: Run Behavior\ReadHtmlCacheBehavior [ RunTime:0.000761s ]
INFO: [ app_begin ] --END-- [ RunTime:0.000850s ]
NOTIC: [8] Use of undefined constant Yar_Concurrent_Client - assumed 'Yar_Concurrent_Client' /home/niansong/www/test/PHP/NsApi/ThinkPHP/Common/functions.php 第 613 行.

[ 2014-07-21T15:49:14+08:00 ] 127.0.0.1 /Client/client/id/1.xml
INFO: [ app_init ] --START--
INFO: Run Behavior\BuildLiteBehavior [ RunTime:0.000029s ]
INFO: [ app_init ] --END-- [ RunTime:0.000416s ]
INFO: [ app_begin ] --START--
INFO: Run Behavior\ReadHtmlCacheBehavior [ RunTime:0.000531s ]
INFO: [ app_begin ] --END-- [ RunTime:0.000609s ]
NOTIC: [8] Use of undefined constant Yar_Concurrent_Client - assumed 'Yar_Concurrent_Client' /home/niansong/www/test/PHP/NsApi/ThinkPHP/Common/functions.php 第 613 行.

[ 2014-07-21T15:49:20+08:00 ] 127.0.0.1 /Client/client/id.xml
INFO: [ app_init ] --START--
INFO: Run Behavior\BuildLiteBehavior [ RunTime:0.000013s ]
INFO: [ app_init ] --END-- [ RunTime:0.000257s ]
INFO: [ app_begin ] --START--
INFO: Run Behavior\ReadHtmlCacheBehavior [ RunTime:0.000331s ]
INFO: [ app_begin ] --END-- [ RunTime:0.000369s ]
NOTIC: [8] Use of undefined constant Yar_Concurrent_Client - assumed 'Yar_Concurrent_Client' /home/niansong/www/test/PHP/NsApi/ThinkPHP/Common/functions.php 第 613 行.

[ 2014-07-21T15:49:26+08:00 ] 127.0.0.1 /Client/client/id/1.json
INFO: [ app_init ] --START--
INFO: Run Behavior\BuildLiteBehavior [ RunTime:0.000025s ]
INFO: [ app_init ] --END-- [ RunTime:0.000793s ]
INFO: [ app_begin ] --START--
INFO: Run Behavior\ReadHtmlCacheBehavior [ RunTime:0.000762s ]
INFO: [ app_begin ] --END-- [ RunTime:0.000855s ]
NOTIC: [8] Use of undefined constant Yar_Concurrent_Client - assumed 'Yar_Concurrent_Client' /home/niansong/www/test/PHP/NsApi/ThinkPHP/Common/functions.php 第 613 行.

[ 2014-07-21T15:56:08+08:00 ] 127.0.0.1 /Client/client/id/1.json
INFO: [ app_init ] --START--
INFO: Run Behavior\BuildLiteBehavior [ RunTime:0.000024s ]
INFO: [ app_init ] --END-- [ RunTime:0.000566s ]
INFO: [ app_begin ] --START--
INFO: Run Behavior\ReadHtmlCacheBehavior [ RunTime:0.001296s ]
INFO: [ app_begin ] --END-- [ RunTime:0.001387s ]
NOTIC: [8] Use of undefined constant Yar_Concurrent_Client - assumed 'Yar_Concurrent_Client' /home/niansong/www/test/PHP/NsApi/ThinkPHP/Common/functions.php 第 613 行.

[ 2014-07-21T15:56:14+08:00 ] 127.0.0.1 /Client/client/id/1.json
INFO: [ app_init ] --START--
INFO: Run Behavior\BuildLiteBehavior [ RunTime:0.000012s ]
INFO: [ app_init ] --END-- [ RunTime:0.000248s ]
INFO: [ app_begin ] --START--
INFO: Run Behavior\ReadHtmlCacheBehavior [ RunTime:0.000353s ]
INFO: [ app_begin ] --END-- [ RunTime:0.000392s ]
NOTIC: [8] Use of undefined constant Yar_Concurrent_Client - assumed 'Yar_Concurrent_Client' /home/niansong/www/test/PHP/NsApi/ThinkPHP/Common/functions.php 第 613 行.

[ 2014-07-21T15:56:37+08:00 ] 127.0.0.1 /Client/client/id/cmd/user/1.json
INFO: [ app_init ] --START--
INFO: Run Behavior\BuildLiteBehavior [ RunTime:0.000031s ]
INFO: [ app_init ] --END-- [ RunTime:0.000634s ]
INFO: [ app_begin ] --START--
INFO: Run Behavior\ReadHtmlCacheBehavior [ RunTime:0.000933s ]
INFO: [ app_begin ] --END-- [ RunTime:0.001060s ]
NOTIC: [8] Use of undefined constant Yar_Concurrent_Client - assumed 'Yar_Concurrent_Client' /home/niansong/www/test/PHP/NsApi/ThinkPHP/Common/functions.php 第 613 行.

[ 2014-07-21T15:59:04+08:00 ] 127.0.0.1 /Client/client/id/cmd/user/1.json
INFO: [ app_init ] --START--
INFO: Run Behavior\BuildLiteBehavior [ RunTime:0.000014s ]
INFO: [ app_init ] --END-- [ RunTime:0.000307s ]
INFO: [ app_begin ] --START--
INFO: Run Behavior\ReadHtmlCacheBehavior [ RunTime:0.000837s ]
INFO: [ app_begin ] --END-- [ RunTime:0.000885s ]
NOTIC: [8] Use of undefined constant Yar_Concurrent_Client - assumed 'Yar_Concurrent_Client' /home/niansong/www/test/PHP/NsApi/ThinkPHP/Common/functions.php 第 613 行.
NOTIC: [8] Undefined variable: _QUEST /home/niansong/www/test/PHP/NsApi/Application/Api/Controller/ClientController.class.php 第 66 行.

[ 2014-07-21T15:59:28+08:00 ] 127.0.0.1 /Client/client/id/cmd/user/1.json
INFO: [ app_init ] --START--
INFO: Run Behavior\BuildLiteBehavior [ RunTime:0.000026s ]
INFO: [ app_init ] --END-- [ RunTime:0.000599s ]
INFO: [ app_begin ] --START--
INFO: Run Behavior\ReadHtmlCacheBehavior [ RunTime:0.001021s ]
INFO: [ app_begin ] --END-- [ RunTime:0.001120s ]
NOTIC: [8] Use of undefined constant Yar_Concurrent_Client - assumed 'Yar_Concurrent_Client' /home/niansong/www/test/PHP/NsApi/ThinkPHP/Common/functions.php 第 613 行.

[ 2014-07-21T16:02:47+08:00 ] 127.0.0.1 /Client/client/id/cmd/user/1.json
INFO: [ app_init ] --START--
INFO: Run Behavior\BuildLiteBehavior [ RunTime:0.000024s ]
INFO: [ app_init ] --END-- [ RunTime:0.000548s ]
INFO: [ app_begin ] --START--
INFO: Run Behavior\ReadHtmlCacheBehavior [ RunTime:0.001048s ]
INFO: [ app_begin ] --END-- [ RunTime:0.001156s ]
NOTIC: [8] Use of undefined constant Yar_Concurrent_Client - assumed 'Yar_Concurrent_Client' /home/niansong/www/test/PHP/NsApi/ThinkPHP/Common/functions.php 第 613 行.

[ 2014-07-21T16:07:21+08:00 ] 127.0.0.1 /Client/client/id/cmd/user/1.json
INFO: [ app_init ] --START--
INFO: Run Behavior\BuildLiteBehavior [ RunTime:0.001638s ]
INFO: [ app_init ] --END-- [ RunTime:0.002029s ]
INFO: [ app_begin ] --START--
INFO: Run Behavior\ReadHtmlCacheBehavior [ RunTime:0.000556s ]
INFO: [ app_begin ] --END-- [ RunTime:0.000617s ]
NOTIC: [8] Use of undefined constant Yar_Concurrent_Client - assumed 'Yar_Concurrent_Client' /home/niansong/www/test/PHP/NsApi/ThinkPHP/Common/functions.php 第 613 行.

[ 2014-07-21T16:09:30+08:00 ] 127.0.0.1 /Client/client/id/cmd/user/1.json
INFO: [ app_init ] --START--
INFO: Run Behavior\BuildLiteBehavior [ RunTime:0.000030s ]
INFO: [ app_init ] --END-- [ RunTime:0.000628s ]
INFO: [ app_begin ] --START--
INFO: Run Behavior\ReadHtmlCacheBehavior [ RunTime:0.001303s ]
INFO: [ app_begin ] --END-- [ RunTime:0.001407s ]
NOTIC: [8] Use of undefined constant Yar_Concurrent_Client - assumed 'Yar_Concurrent_Client' /home/niansong/www/test/PHP/NsApi/ThinkPHP/Common/functions.php 第 613 行.

[ 2014-07-21T16:09:46+08:00 ] 127.0.0.1 /Client/client/id/cmd/user/1.json
INFO: [ app_init ] --START--
INFO: Run Behavior\BuildLiteBehavior [ RunTime:0.000012s ]
INFO: [ app_init ] --END-- [ RunTime:0.000245s ]
INFO: [ app_begin ] --START--
INFO: Run Behavior\ReadHtmlCacheBehavior [ RunTime:0.000331s ]
INFO: [ app_begin ] --END-- [ RunTime:0.000369s ]
NOTIC: [8] Use of undefined constant Yar_Concurrent_Client - assumed 'Yar_Concurrent_Client' /home/niansong/www/test/PHP/NsApi/ThinkPHP/Common/functions.php 第 613 行.

[ 2014-07-21T16:12:57+08:00 ] 127.0.0.1 /Client/client/id/cmd/user/1.json
INFO: [ app_init ] --START--
INFO: Run Behavior\BuildLiteBehavior [ RunTime:0.000024s ]
INFO: [ app_init ] --END-- [ RunTime:0.000523s ]
INFO: [ app_begin ] --START--
INFO: Run Behavior\ReadHtmlCacheBehavior [ RunTime:0.000787s ]
INFO: [ app_begin ] --END-- [ RunTime:0.000884s ]
NOTIC: [8] Use of undefined constant Yar_Concurrent_Client - assumed 'Yar_Concurrent_Client' /home/niansong/www/test/PHP/NsApi/ThinkPHP/Common/functions.php 第 613 行.

[ 2014-07-21T16:13:25+08:00 ] 127.0.0.1 /Client/client/id/cmd/user/1.json
INFO: [ app_init ] --START--
INFO: Run Behavior\BuildLiteBehavior [ RunTime:0.000024s ]
INFO: [ app_init ] --END-- [ RunTime:0.000519s ]
INFO: [ app_begin ] --START--
INFO: Run Behavior\ReadHtmlCacheBehavior [ RunTime:0.000693s ]
INFO: [ app_begin ] --END-- [ RunTime:0.000773s ]
NOTIC: [8] Use of undefined constant Yar_Concurrent_Client - assumed 'Yar_Concurrent_Client' /home/niansong/www/test/PHP/NsApi/ThinkPHP/Common/functions.php 第 613 行.

[ 2014-07-21T16:48:30+08:00 ] 127.0.0.1 /?id/cmd/user/1.json
INFO: [ app_init ] --START--
INFO: Run Behavior\BuildLiteBehavior [ RunTime:0.000017s ]
INFO: [ app_init ] --END-- [ RunTime:0.001006s ]
INFO: [ app_begin ] --START--
INFO: Run Behavior\ReadHtmlCacheBehavior [ RunTime:0.000991s ]
INFO: [ app_begin ] --END-- [ RunTime:0.001071s ]
NOTIC: [8] Use of undefined constant Yar_Concurrent_Client - assumed 'Yar_Concurrent_Client' /home/niansong/www/test/PHP/NsApi/ThinkPHP/Common/functions.php 第 613 行.

[ 2014-07-21T16:48:52+08:00 ] 127.0.0.1 /api.php/id/cmd/user/1.json
INFO: [ app_init ] --START--
INFO: Run Behavior\BuildLiteBehavior [ RunTime:0.000023s ]
INFO: [ app_init ] --END-- [ RunTime:0.000519s ]
INFO: [ app_begin ] --START--
INFO: Run Behavior\ReadHtmlCacheBehavior [ RunTime:0.000708s ]
INFO: [ app_begin ] --END-- [ RunTime:0.000791s ]
ERR: 无法加载控制器:Id

[ 2014-07-21T16:48:57+08:00 ] 127.0.0.1 /api.php?id/cmd/user/1.json
INFO: [ app_init ] --START--
INFO: Run Behavior\BuildLiteBehavior [ RunTime:0.000027s ]
INFO: [ app_init ] --END-- [ RunTime:0.000595s ]
INFO: [ app_begin ] --START--
INFO: Run Behavior\ReadHtmlCacheBehavior [ RunTime:0.000498s ]
INFO: [ app_begin ] --END-- [ RunTime:0.000559s ]
NOTIC: [8] Use of undefined constant Yar_Concurrent_Client - assumed 'Yar_Concurrent_Client' /home/niansong/www/test/PHP/NsApi/ThinkPHP/Common/functions.php 第 613 行.

[ 2014-07-21T16:49:27+08:00 ] 127.0.0.1 /Client/data/id/cmd/user/1.json
INFO: [ app_init ] --START--
INFO: Run Behavior\BuildLiteBehavior [ RunTime:0.000032s ]
INFO: [ app_init ] --END-- [ RunTime:0.000616s ]
INFO: [ app_begin ] --START--
INFO: Run Behavior\ReadHtmlCacheBehavior [ RunTime:0.001264s ]
INFO: [ app_begin ] --END-- [ RunTime:0.001402s ]
NOTIC: [8] Use of undefined constant Yar_Concurrent_Client - assumed 'Yar_Concurrent_Client' /home/niansong/www/test/PHP/NsApi/ThinkPHP/Common/functions.php 第 613 行.
ERR: 非法操作:data

[ 2014-07-21T16:49:52+08:00 ] 127.0.0.1 /Client/client/id/cmd/user/1.json
INFO: [ app_init ] --START--
INFO: Run Behavior\BuildLiteBehavior [ RunTime:0.000023s ]
INFO: [ app_init ] --END-- [ RunTime:0.000529s ]
INFO: [ app_begin ] --START--
INFO: Run Behavior\ReadHtmlCacheBehavior [ RunTime:0.000682s ]
INFO: [ app_begin ] --END-- [ RunTime:0.000761s ]
NOTIC: [8] Use of undefined constant Yar_Concurrent_Client - assumed 'Yar_Concurrent_Client' /home/niansong/www/test/PHP/NsApi/ThinkPHP/Common/functions.php 第 613 行.

[ 2014-07-21T16:50:03+08:00 ] 127.0.0.1 /Client/id/cmd/user/1.json
INFO: [ app_init ] --START--
INFO: Run Behavior\BuildLiteBehavior [ RunTime:0.000034s ]
INFO: [ app_init ] --END-- [ RunTime:0.000402s ]
INFO: [ app_begin ] --START--
INFO: Run Behavior\ReadHtmlCacheBehavior [ RunTime:0.000519s ]
INFO: [ app_begin ] --END-- [ RunTime:0.000588s ]
NOTIC: [8] Use of undefined constant Yar_Concurrent_Client - assumed 'Yar_Concurrent_Client' /home/niansong/www/test/PHP/NsApi/ThinkPHP/Common/functions.php 第 613 行.
ERR: 非法操作:id

[ 2014-07-21T16:50:16+08:00 ] 127.0.0.1 /Client/id/cmd/user/1.json
INFO: [ app_init ] --START--
INFO: Run Behavior\BuildLiteBehavior [ RunTime:0.000013s ]
INFO: [ app_init ] --END-- [ RunTime:0.000249s ]
INFO: [ app_begin ] --START--
INFO: Run Behavior\ReadHtmlCacheBehavior [ RunTime:0.000329s ]
INFO: [ app_begin ] --END-- [ RunTime:0.000367s ]
NOTIC: [8] Use of undefined constant Yar_Concurrent_Client - assumed 'Yar_Concurrent_Client' /home/niansong/www/test/PHP/NsApi/ThinkPHP/Common/functions.php 第 613 行.
ERR: 非法操作:id

[ 2014-07-21T16:50:17+08:00 ] 127.0.0.1 /Client/id/cmd/user/1.json
INFO: [ app_init ] --START--
INFO: Run Behavior\BuildLiteBehavior [ RunTime:0.000018s ]
INFO: [ app_init ] --END-- [ RunTime:0.000390s ]
INFO: [ app_begin ] --START--
INFO: Run Behavior\ReadHtmlCacheBehavior [ RunTime:0.000523s ]
INFO: [ app_begin ] --END-- [ RunTime:0.000584s ]
NOTIC: [8] Use of undefined constant Yar_Concurrent_Client - assumed 'Yar_Concurrent_Client' /home/niansong/www/test/PHP/NsApi/ThinkPHP/Common/functions.php 第 613 行.
ERR: 非法操作:id

[ 2014-07-21T16:51:37+08:00 ] 127.0.0.1 /Client/output/id/cmd/user/1.json
INFO: [ app_init ] --START--
INFO: Run Behavior\BuildLiteBehavior [ RunTime:0.000018s ]
INFO: [ app_init ] --END-- [ RunTime:0.000324s ]
INFO: [ app_begin ] --START--
INFO: Run Behavior\ReadHtmlCacheBehavior [ RunTime:0.000377s ]
INFO: [ app_begin ] --END-- [ RunTime:0.000424s ]
NOTIC: [8] Use of undefined constant Yar_Concurrent_Client - assumed 'Yar_Concurrent_Client' /home/niansong/www/test/PHP/NsApi/ThinkPHP/Common/functions.php 第 613 行.

[ 2014-07-21T16:54:13+08:00 ] 127.0.0.1 /Client/output/id/cmd/user/1.json
INFO: [ app_init ] --START--
INFO: Run Behavior\BuildLiteBehavior [ RunTime:0.000024s ]
INFO: [ app_init ] --END-- [ RunTime:0.000566s ]
INFO: [ app_begin ] --START--
INFO: Run Behavior\ReadHtmlCacheBehavior [ RunTime:0.001218s ]
INFO: [ app_begin ] --END-- [ RunTime:0.001304s ]
NOTIC: [8] Use of undefined constant Yar_Concurrent_Client - assumed 'Yar_Concurrent_Client' /home/niansong/www/test/PHP/NsApi/ThinkPHP/Common/functions.php 第 613 行.

[ 2014-07-21T16:54:27+08:00 ] 127.0.0.1 /Client/output/id/cmd/user/1.json
INFO: [ app_init ] --START--
INFO: Run Behavior\BuildLiteBehavior [ RunTime:0.000014s ]
INFO: [ app_init ] --END-- [ RunTime:0.000276s ]
INFO: [ app_begin ] --START--
INFO: Run Behavior\ReadHtmlCacheBehavior [ RunTime:0.000376s ]
INFO: [ app_begin ] --END-- [ RunTime:0.000425s ]
NOTIC: [8] Use of undefined constant Yar_Concurrent_Client - assumed 'Yar_Concurrent_Client' /home/niansong/www/test/PHP/NsApi/ThinkPHP/Common/functions.php 第 613 行.

[ 2014-07-21T16:54:28+08:00 ] 127.0.0.1 /Client/output/id/cmd/user/1.json
INFO: [ app_init ] --START--
INFO: Run Behavior\BuildLiteBehavior [ RunTime:0.000025s ]
INFO: [ app_init ] --END-- [ RunTime:0.000548s ]
INFO: [ app_begin ] --START--
INFO: Run Behavior\ReadHtmlCacheBehavior [ RunTime:0.000748s ]
INFO: [ app_begin ] --END-- [ RunTime:0.000846s ]
NOTIC: [8] Use of undefined constant Yar_Concurrent_Client - assumed 'Yar_Concurrent_Client' /home/niansong/www/test/PHP/NsApi/ThinkPHP/Common/functions.php 第 613 行.

[ 2014-07-21T16:54:28+08:00 ] 127.0.0.1 /Client/output/id/cmd/user/1.json
INFO: [ app_init ] --START--
INFO: Run Behavior\BuildLiteBehavior [ RunTime:0.000013s ]
INFO: [ app_init ] --END-- [ RunTime:0.000911s ]
INFO: [ app_begin ] --START--
INFO: Run Behavior\ReadHtmlCacheBehavior [ RunTime:0.000364s ]
INFO: [ app_begin ] --END-- [ RunTime:0.000402s ]
NOTIC: [8] Use of undefined constant Yar_Concurrent_Client - assumed 'Yar_Concurrent_Client' /home/niansong/www/test/PHP/NsApi/ThinkPHP/Common/functions.php 第 613 行.

[ 2014-07-21T16:54:29+08:00 ] 127.0.0.1 /Client/output/id/cmd/user/1.json
INFO: [ app_init ] --START--
INFO: Run Behavior\BuildLiteBehavior [ RunTime:0.000018s ]
INFO: [ app_init ] --END-- [ RunTime:0.000387s ]
INFO: [ app_begin ] --START--
INFO: Run Behavior\ReadHtmlCacheBehavior [ RunTime:0.000527s ]
INFO: [ app_begin ] --END-- [ RunTime:0.000590s ]
NOTIC: [8] Use of undefined constant Yar_Concurrent_Client - assumed 'Yar_Concurrent_Client' /home/niansong/www/test/PHP/NsApi/ThinkPHP/Common/functions.php 第 613 行.

[ 2014-07-21T16:56:18+08:00 ] 127.0.0.1 /Client/output/id/cmd/user/1.json
INFO: [ app_init ] --START--
INFO: Run Behavior\BuildLiteBehavior [ RunTime:0.000020s ]
INFO: [ app_init ] --END-- [ RunTime:0.009440s ]
INFO: [ app_begin ] --START--
INFO: Run Behavior\ReadHtmlCacheBehavior [ RunTime:0.015147s ]
INFO: [ app_begin ] --END-- [ RunTime:0.015224s ]
NOTIC: [8] Use of undefined constant Yar_Concurrent_Client - assumed 'Yar_Concurrent_Client' /home/niansong/www/test/PHP/NsApi/ThinkPHP/Common/functions.php 第 613 行.

[ 2014-07-21T16:58:47+08:00 ] 127.0.0.1 /Client/output/id/cmd/user/1.json
INFO: [ app_init ] --START--
INFO: Run Behavior\BuildLiteBehavior [ RunTime:0.000015s ]
INFO: [ app_init ] --END-- [ RunTime:0.000317s ]
INFO: [ app_begin ] --START--
INFO: Run Behavior\ReadHtmlCacheBehavior [ RunTime:0.000799s ]
INFO: [ app_begin ] --END-- [ RunTime:0.000860s ]
NOTIC: [8] Use of undefined constant Yar_Concurrent_Client - assumed 'Yar_Concurrent_Client' /home/niansong/www/test/PHP/NsApi/ThinkPHP/Common/functions.php 第 613 行.

[ 2014-07-21T16:58:56+08:00 ] 127.0.0.1 /Client/output/cmd/user/1.json
INFO: [ app_init ] --START--
INFO: Run Behavior\BuildLiteBehavior [ RunTime:0.000016s ]
INFO: [ app_init ] --END-- [ RunTime:0.000288s ]
INFO: [ app_begin ] --START--
INFO: Run Behavior\ReadHtmlCacheBehavior [ RunTime:0.000356s ]
INFO: [ app_begin ] --END-- [ RunTime:0.000398s ]
NOTIC: [8] Use of undefined constant Yar_Concurrent_Client - assumed 'Yar_Concurrent_Client' /home/niansong/www/test/PHP/NsApi/ThinkPHP/Common/functions.php 第 613 行.

[ 2014-07-21T16:59:57+08:00 ] 127.0.0.1 /Client/output/cmd/user/opt/login/1.json
INFO: [ app_init ] --START--
INFO: Run Behavior\BuildLiteBehavior [ RunTime:0.000013s ]
INFO: [ app_init ] --END-- [ RunTime:0.000251s ]
INFO: [ app_begin ] --START--
INFO: Run Behavior\ReadHtmlCacheBehavior [ RunTime:0.000345s ]
INFO: [ app_begin ] --END-- [ RunTime:0.000386s ]
NOTIC: [8] Use of undefined constant Yar_Concurrent_Client - assumed 'Yar_Concurrent_Client' /home/niansong/www/test/PHP/NsApi/ThinkPHP/Common/functions.php 第 613 行.

[ 2014-07-21T17:02:08+08:00 ] 127.0.0.1 /Client/output/cmd/user/opt/login/1.json
INFO: [ app_init ] --START--
INFO: Run Behavior\BuildLiteBehavior [ RunTime:0.000014s ]
INFO: [ app_init ] --END-- [ RunTime:0.000255s ]
INFO: [ app_begin ] --START--
INFO: Run Behavior\ReadHtmlCacheBehavior [ RunTime:0.000331s ]
INFO: [ app_begin ] --END-- [ RunTime:0.000369s ]
NOTIC: [8] Use of undefined constant Yar_Concurrent_Client - assumed 'Yar_Concurrent_Client' /home/niansong/www/test/PHP/NsApi/ThinkPHP/Common/functions.php 第 613 行.

[ 2014-07-21T17:02:21+08:00 ] 127.0.0.1 /Client/output/cmd/user/opt/login/1
INFO: [ app_init ] --START--
INFO: Run Behavior\BuildLiteBehavior [ RunTime:0.000026s ]
INFO: [ app_init ] --END-- [ RunTime:0.000311s ]
INFO: [ app_begin ] --START--
INFO: Run Behavior\ReadHtmlCacheBehavior [ RunTime:0.000460s ]
INFO: [ app_begin ] --END-- [ RunTime:0.000529s ]
NOTIC: [8] Use of undefined constant Yar_Concurrent_Client - assumed 'Yar_Concurrent_Client' /home/niansong/www/test/PHP/NsApi/ThinkPHP/Common/functions.php 第 613 行.

[ 2014-07-21T17:02:36+08:00 ] 127.0.0.1 /Client/output/cmd/user/opt/login/1.json
INFO: [ app_init ] --START--
INFO: Run Behavior\BuildLiteBehavior [ RunTime:0.000014s ]
INFO: [ app_init ] --END-- [ RunTime:0.000250s ]
INFO: [ app_begin ] --START--
INFO: Run Behavior\ReadHtmlCacheBehavior [ RunTime:0.000331s ]
INFO: [ app_begin ] --END-- [ RunTime:0.000370s ]
NOTIC: [8] Use of undefined constant Yar_Concurrent_Client - assumed 'Yar_Concurrent_Client' /home/niansong/www/test/PHP/NsApi/ThinkPHP/Common/functions.php 第 613 行.

[ 2014-07-21T17:02:45+08:00 ] 127.0.0.1 /Client/output/cmd/user/opt/login/1.xml
INFO: [ app_init ] --START--
INFO: Run Behavior\BuildLiteBehavior [ RunTime:0.000016s ]
INFO: [ app_init ] --END-- [ RunTime:0.000343s ]
INFO: [ app_begin ] --START--
INFO: Run Behavior\ReadHtmlCacheBehavior [ RunTime:0.000374s ]
INFO: [ app_begin ] --END-- [ RunTime:0.000422s ]
NOTIC: [8] Use of undefined constant Yar_Concurrent_Client - assumed 'Yar_Concurrent_Client' /home/niansong/www/test/PHP/NsApi/ThinkPHP/Common/functions.php 第 613 行.

[ 2014-07-21T17:02:57+08:00 ] 127.0.0.1 /Client/output/cmd/user/opt/login/1
INFO: [ app_init ] --START--
INFO: Run Behavior\BuildLiteBehavior [ RunTime:0.000013s ]
INFO: [ app_init ] --END-- [ RunTime:0.000284s ]
INFO: [ app_begin ] --START--
INFO: Run Behavior\ReadHtmlCacheBehavior [ RunTime:0.000401s ]
INFO: [ app_begin ] --END-- [ RunTime:0.000456s ]
NOTIC: [8] Use of undefined constant Yar_Concurrent_Client - assumed 'Yar_Concurrent_Client' /home/niansong/www/test/PHP/NsApi/ThinkPHP/Common/functions.php 第 613 行.

[ 2014-07-21T17:03:15+08:00 ] 127.0.0.1 /Client/output/cmd/user/opt/login/1
INFO: [ app_init ] --START--
INFO: Run Behavior\BuildLiteBehavior [ RunTime:0.000012s ]
INFO: [ app_init ] --END-- [ RunTime:0.000262s ]
INFO: [ app_begin ] --START--
INFO: Run Behavior\ReadHtmlCacheBehavior [ RunTime:0.000343s ]
INFO: [ app_begin ] --END-- [ RunTime:0.000381s ]
NOTIC: [8] Use of undefined constant Yar_Concurrent_Client - assumed 'Yar_Concurrent_Client' /home/niansong/www/test/PHP/NsApi/ThinkPHP/Common/functions.php 第 613 行.

[ 2014-07-21T17:03:19+08:00 ] 127.0.0.1 /Client/output/cmd/user/opt/login/1.json
INFO: [ app_init ] --START--
INFO: Run Behavior\BuildLiteBehavior [ RunTime:0.000015s ]
INFO: [ app_init ] --END-- [ RunTime:0.000266s ]
INFO: [ app_begin ] --START--
INFO: Run Behavior\ReadHtmlCacheBehavior [ RunTime:0.000356s ]
INFO: [ app_begin ] --END-- [ RunTime:0.000398s ]
NOTIC: [8] Use of undefined constant Yar_Concurrent_Client - assumed 'Yar_Concurrent_Client' /home/niansong/www/test/PHP/NsApi/ThinkPHP/Common/functions.php 第 613 行.

[ 2014-07-21T17:15:52+08:00 ] 127.0.0.1 /Client/output/cmd/user/opt/login/1.json
INFO: [ app_init ] --START--
INFO: Run Behavior\BuildLiteBehavior [ RunTime:0.000044s ]
INFO: [ app_init ] --END-- [ RunTime:0.009621s ]
INFO: [ app_begin ] --START--
INFO: Run Behavior\ReadHtmlCacheBehavior [ RunTime:0.001105s ]
INFO: [ app_begin ] --END-- [ RunTime:0.001179s ]
NOTIC: [8] Use of undefined constant Yar_Concurrent_Client - assumed 'Yar_Concurrent_Client' /home/niansong/www/test/PHP/NsApi/ThinkPHP/Common/functions.php 第 613 行.

[ 2014-07-21T17:16:07+08:00 ] 127.0.0.1 /Client/output/cmd/user/opt/login/1.json
INFO: [ app_init ] --START--
INFO: Run Behavior\BuildLiteBehavior [ RunTime:0.000014s ]
INFO: [ app_init ] --END-- [ RunTime:0.000300s ]
INFO: [ app_begin ] --START--
INFO: Run Behavior\ReadHtmlCacheBehavior [ RunTime:0.001031s ]
INFO: [ app_begin ] --END-- [ RunTime:0.001171s ]
NOTIC: [8] Use of undefined constant Yar_Concurrent_Client - assumed 'Yar_Concurrent_Client' /home/niansong/www/test/PHP/NsApi/ThinkPHP/Common/functions.php 第 613 行.

[ 2014-07-21T18:08:27+08:00 ] 127.0.0.1 /user/login/1
INFO: [ app_init ] --START--
INFO: Run Behavior\BuildLiteBehavior [ RunTime:0.000025s ]
INFO: [ app_init ] --END-- [ RunTime:0.009259s ]
INFO: [ app_begin ] --START--
INFO: Run Behavior\ReadHtmlCacheBehavior [ RunTime:0.000946s ]
INFO: [ app_begin ] --END-- [ RunTime:0.001031s ]
ERR: 无法加载控制器:User

[ 2014-07-21T18:14:18+08:00 ] 127.0.0.1 /user/login/1
INFO: [ app_init ] --START--
INFO: Run Behavior\BuildLiteBehavior [ RunTime:0.000016s ]
INFO: [ app_init ] --END-- [ RunTime:0.000800s ]
INFO: [ app_begin ] --START--
INFO: Run Behavior\ReadHtmlCacheBehavior [ RunTime:0.000562s ]
INFO: [ app_begin ] --END-- [ RunTime:0.000623s ]
ERR: 无法加载控制器:User

[ 2014-07-21T18:14:23+08:00 ] 127.0.0.1 /user/login/1
INFO: [ app_init ] --START--
INFO: Run Behavior\BuildLiteBehavior [ RunTime:0.000016s ]
INFO: [ app_init ] --END-- [ RunTime:0.006661s ]
INFO: [ app_begin ] --START--
INFO: Run Behavior\ReadHtmlCacheBehavior [ RunTime:0.004170s ]
INFO: [ app_begin ] --END-- [ RunTime:0.004245s ]
ERR: 无法加载控制器:User

[ 2014-07-21T18:15:44+08:00 ] 127.0.0.1 /user/login/1
INFO: [ app_init ] --START--
INFO: Run Behavior\BuildLiteBehavior [ RunTime:0.000025s ]
INFO: [ app_init ] --END-- [ RunTime:0.006863s ]
INFO: [ app_begin ] --START--
INFO: Run Behavior\ReadHtmlCacheBehavior [ RunTime:0.001157s ]
INFO: [ app_begin ] --END-- [ RunTime:0.001222s ]
ERR: 无法加载控制器:User

[ 2014-07-21T18:15:46+08:00 ] 127.0.0.1 /user/login/1
INFO: [ app_init ] --START--
INFO: Run Behavior\BuildLiteBehavior [ RunTime:0.000014s ]
INFO: [ app_init ] --END-- [ RunTime:0.000326s ]
INFO: [ app_begin ] --START--
INFO: Run Behavior\ReadHtmlCacheBehavior [ RunTime:0.000393s ]
INFO: [ app_begin ] --END-- [ RunTime:0.000451s ]
ERR: 无法加载控制器:User

[ 2014-07-21T18:22:31+08:00 ] 127.0.0.1 /Client/user/login/1
INFO: [ app_init ] --START--
INFO: Run Behavior\BuildLiteBehavior [ RunTime:0.000018s ]
INFO: [ app_init ] --END-- [ RunTime:0.000463s ]
INFO: [ app_begin ] --START--
INFO: Run Behavior\ReadHtmlCacheBehavior [ RunTime:0.015660s ]
INFO: [ app_begin ] --END-- [ RunTime:0.015735s ]
NOTIC: [8] Use of undefined constant Yar_Concurrent_Client - assumed 'Yar_Concurrent_Client' /home/niansong/www/test/PHP/NsApi/ThinkPHP/Common/functions.php 第 613 行.
ERR: 非法操作:user

